\BOOKMARK [0][-]{section*.1}{\376\377\144\130\211\201}{}% 1
\BOOKMARK [0][-]{section*.2}{\376\377\000A\000b\000s\000t\000r\000a\000c\000t}{}% 2
\BOOKMARK [0][-]{chapter.1}{\376\377\173\054\116\000\172\340\000\040\000\040\200\314\146\157\124\214\170\024\172\166\141\017\116\111}{}% 3
\BOOKMARK [0][-]{chapter.2}{\376\377\173\054\116\214\172\340\000\040\000\040\151\202\217\360}{}% 4
\BOOKMARK [1][-]{section.2.1}{\376\377\0002\000.\0001\000\040\116\244\220\032\117\341\123\367\151\202\217\360}{chapter.2}% 5
\BOOKMARK [1][-]{section.2.2}{\376\377\0002\000.\0002\000\040\127\372\147\054\147\057\213\355}{chapter.2}% 6
\BOOKMARK [1][-]{section.2.3}{\376\377\0002\000.\0003\000\040\117\040\176\337\116\244\220\032\143\247\122\066\145\271\154\325}{chapter.2}% 7
\BOOKMARK [2][-]{subsection.2.3.1}{\376\377\0002\000.\0003\000.\0001\000\040\000W\000e\000b\000s\000t\000e\000r}{section.2.3}% 8
\BOOKMARK [2][-]{subsection.2.3.2}{\376\377\0002\000.\0003\000.\0002\000\040\000G\000r\000e\000e\000n\000W\000a\000v\000e}{section.2.3}% 9
\BOOKMARK [2][-]{subsection.2.3.3}{\376\377\0002\000.\0003\000.\0003\000\040\000A\000c\000t\000u\000a\000t\000e\000d\000\040\000C\000o\000n\000t\000r\000o\000l}{section.2.3}% 10
\BOOKMARK [2][-]{subsection.2.3.4}{\376\377\0002\000.\0003\000.\0004\000\040\000S\000O\000T\000L}{section.2.3}% 11
\BOOKMARK [2][-]{subsection.2.3.5}{\376\377\0002\000.\0003\000.\0005\000\040\000M\000a\000x\000-\000P\000r\000e\000s\000s\000u\000r\000e\000\040\000C\000o\000n\000t\000r\000o\000l}{section.2.3}% 12
\BOOKMARK [1][-]{section.2.4}{\376\377\0002\000.\0004\000\040\127\372\116\216\137\072\123\026\133\146\116\140\166\204\116\244\220\032\117\341\123\367\143\247\122\066}{chapter.2}% 13
\BOOKMARK [2][-]{subsection.2.4.1}{\376\377\0002\000.\0004\000.\0001\000\040\137\072\123\026\133\146\116\140\151\202\217\360}{section.2.4}% 14
\BOOKMARK [2][-]{subsection.2.4.2}{\376\377\0002\000.\0004\000.\0002\000\040\127\372\116\216\137\072\123\026\133\146\116\140\116\244\220\032\117\341\123\367\143\247\122\066\150\106\147\266}{section.2.4}% 15
\BOOKMARK [2][-]{subsection.2.4.3}{\376\377\0002\000.\0004\000.\0003\000\040\127\372\147\054\211\201\175\040}{section.2.4}% 16
\BOOKMARK [0][-]{chapter.3}{\376\377\173\054\116\011\172\340\000\040\000\040\135\345\117\134}{}% 17
\BOOKMARK [1][-]{section.3.1}{\376\377\0003\000.\0001\000\040\121\154\136\163\140\047\170\024\172\166}{chapter.3}% 18
\BOOKMARK [2][-]{subsection.3.1.1}{\376\377\0003\000.\0001\000.\0001\000\040\166\356\150\007}{section.3.1}% 19
\BOOKMARK [2][-]{subsection.3.1.2}{\376\377\0003\000.\0001\000.\0002\000\040\146\172\200\375\117\123\213\276\213\241}{section.3.1}% 20
\BOOKMARK [1][-]{section.3.2}{\376\377\0003\000.\0002\000\040\220\032\117\341\225\356\230\230\170\024\172\166}{chapter.3}% 21
\BOOKMARK [2][-]{subsection.3.2.1}{\376\377\0003\000.\0002\000.\0001\000\040\126\376\171\136\176\317\177\121\176\334}{section.3.2}% 22
\BOOKMARK [0][-]{section*.12}{\376\377\123\302\200\003\145\207\163\056}{}% 23
\BOOKMARK [0][-]{appendix*.14}{\376\377\123\302\200\003\145\207\163\056}{}% 24
\BOOKMARK [0][-]{appendix*.15}{\376\377\201\364\214\042}{}% 25
