\BOOKMARK [0][-]{chapter.1}{\376\377\173\054\116\000\172\340\000\040\000\040\176\352\213\272}{}% 1
\BOOKMARK [1][-]{section.1.1}{\376\377\0001\000.\0001\000\040\213\376\230\230\170\024\172\166\200\314\146\157\123\312\141\017\116\111}{chapter.1}% 2
\BOOKMARK [1][-]{section.1.2}{\376\377\0001\000.\0002\000\040\126\375\121\205\131\026\170\024\172\166\163\260\162\266}{chapter.1}% 3
\BOOKMARK [1][-]{section.1.3}{\376\377\0001\000.\0003\000\040\213\272\145\207\116\073\211\201\135\345\117\134}{chapter.1}% 4
\BOOKMARK [1][-]{section.1.4}{\376\377\0001\000.\0004\000\040\213\272\145\207\176\304\176\307\176\323\147\204}{chapter.1}% 5
\BOOKMARK [1][-]{section.1.5}{\376\377\0001\000.\0005\000\040\147\054\172\340\134\017\176\323}{chapter.1}% 6
\BOOKMARK [0][-]{chapter.2}{\376\377\173\054\116\214\172\340\000\040\000\040\151\202\217\360}{}% 7
\BOOKMARK [1][-]{section.2.1}{\376\377\0002\000.\0001\000\040\116\244\220\032\117\341\123\367\143\247\122\066\151\202\217\360}{chapter.2}% 8
\BOOKMARK [2][-]{subsection.2.1.1}{\376\377\0002\000.\0001\000.\0001\000\040\127\372\147\054\147\057\213\355}{section.2.1}% 9
\BOOKMARK [1][-]{section.2.2}{\376\377\0002\000.\0002\000\040\117\040\176\337\116\244\220\032\117\341\123\367\143\247\122\066\145\271\154\325}{chapter.2}% 10
\BOOKMARK [2][-]{subsection.2.2.1}{\376\377\0002\000.\0002\000.\0001\000\040\000F\000i\000x\000e\000d\000-\000T\000i\000m\000e}{section.2.2}% 11
\BOOKMARK [2][-]{subsection.2.2.2}{\376\377\0002\000.\0002\000.\0002\000\040\000W\000e\000b\000s\000t\000e\000r}{section.2.2}% 12
\BOOKMARK [2][-]{subsection.2.2.3}{\376\377\0002\000.\0002\000.\0003\000\040\000G\000r\000e\000e\000n\000W\000a\000v\000e}{section.2.2}% 13
\BOOKMARK [2][-]{subsection.2.2.4}{\376\377\0002\000.\0002\000.\0004\000\040\000A\000c\000t\000u\000a\000t\000e\000d\000\040\000C\000o\000n\000t\000r\000o\000l}{section.2.2}% 14
\BOOKMARK [2][-]{subsection.2.2.5}{\376\377\0002\000.\0002\000.\0005\000\040\000S\000O\000T\000L}{section.2.2}% 15
\BOOKMARK [2][-]{subsection.2.2.6}{\376\377\0002\000.\0002\000.\0006\000\040\000M\000a\000x\000-\000P\000r\000e\000s\000s\000u\000r\000e\000\040\000C\000o\000n\000t\000r\000o\000l}{section.2.2}% 16
\BOOKMARK [2][-]{subsection.2.2.7}{\376\377\0002\000.\0002\000.\0007\000\040\000S\000C\000A\000T\000S}{section.2.2}% 17
\BOOKMARK [1][-]{section.2.3}{\376\377\0002\000.\0003\000\040\127\372\116\216\137\072\123\026\133\146\116\140\166\204\116\244\220\032\117\341\123\367\143\247\122\066}{chapter.2}% 18
\BOOKMARK [2][-]{subsection.2.3.1}{\376\377\0002\000.\0003\000.\0001\000\040\137\072\123\026\133\146\116\140\151\202\217\360}{section.2.3}% 19
\BOOKMARK [2][-]{subsection.2.3.2}{\376\377\0002\000.\0003\000.\0002\000\040\127\372\116\216\137\072\123\026\133\146\116\140\166\204\116\244\220\032\117\341\123\367\143\247\122\066\150\106\147\266}{section.2.3}% 20
\BOOKMARK [2][-]{subsection.2.3.3}{\376\377\0002\000.\0003\000.\0003\000\040\127\372\147\054\211\201\175\040}{section.2.3}% 21
\BOOKMARK [1][-]{section.2.4}{\376\377\0002\000.\0004\000\040\126\376\171\136\176\317\177\121\176\334}{chapter.2}% 22
\BOOKMARK [2][-]{subsection.2.4.1}{\376\377\0002\000.\0004\000.\0001\000\040\126\376\171\136\176\317\177\121\176\334\151\202\217\360}{section.2.4}% 23
\BOOKMARK [2][-]{subsection.2.4.2}{\376\377\0002\000.\0004\000.\0002\000\040\126\376\123\167\171\357\177\121\176\334}{section.2.4}% 24
\BOOKMARK [2][-]{subsection.2.4.3}{\376\377\0002\000.\0004\000.\0003\000\040\126\376\154\350\141\017\122\233\177\121\176\334}{section.2.4}% 25
\BOOKMARK [2][-]{subsection.2.4.4}{\376\377\0002\000.\0004\000.\0004\000\040\126\376\201\352\177\026\170\001\126\150}{section.2.4}% 26
\BOOKMARK [2][-]{subsection.2.4.5}{\376\377\0002\000.\0004\000.\0005\000\040\126\376\165\037\142\020\177\121\176\334}{section.2.4}% 27
\BOOKMARK [2][-]{subsection.2.4.6}{\376\377\0002\000.\0004\000.\0006\000\040\126\376\145\366\172\172\177\121\176\334}{section.2.4}% 28
\BOOKMARK [2][-]{subsection.2.4.7}{\376\377\0002\000.\0004\000.\0007\000\040\116\373\122\241\122\006\174\173}{section.2.4}% 29
\BOOKMARK [1][-]{section.2.5}{\376\377\0002\000.\0005\000\040\147\054\172\340\134\017\176\323}{chapter.2}% 30
\BOOKMARK [0][-]{chapter.3}{\376\377\173\054\116\011\172\340\000\040\000\040\127\372\116\216\155\361\136\246\137\072\123\026\133\146\116\140\166\204\123\125\215\357\123\343\146\172\200\375\116\244\220\032\117\341\123\367\214\003\136\246}{}% 31
\BOOKMARK [1][-]{section.3.1}{\376\377\0003\000.\0001\000\040\137\025\212\000}{chapter.3}% 32
\BOOKMARK [1][-]{section.3.2}{\376\377\0003\000.\0002\000\040\166\370\121\163\135\345\117\134}{chapter.3}% 33
\BOOKMARK [1][-]{section.3.3}{\376\377\0003\000.\0003\000\040\170\024\172\166\166\356\150\007}{chapter.3}% 34
\BOOKMARK [1][-]{section.3.4}{\376\377\0003\000.\0004\000\040\174\373\176\337\213\276\213\241}{chapter.3}% 35
\BOOKMARK [2][-]{subsection.3.4.1}{\376\377\0003\000.\0004\000.\0001\000\040\146\172\200\375\117\123\213\276\213\241}{section.3.4}% 36
\BOOKMARK [2][-]{subsection.3.4.2}{\376\377\0003\000.\0004\000.\0002\000\040\174\373\176\337\150\106\147\266}{section.3.4}% 37
\BOOKMARK [1][-]{section.3.5}{\376\377\0003\000.\0005\000\040\133\236\232\214}{chapter.3}% 38
\BOOKMARK [2][-]{subsection.3.5.1}{\376\377\0003\000.\0005\000.\0001\000\040\163\257\130\203\116\313\176\315}{section.3.5}% 39
\BOOKMARK [2][-]{subsection.3.5.2}{\376\377\0003\000.\0005\000.\0002\000\040\213\304\116\367\143\007\150\007}{section.3.5}% 40
\BOOKMARK [2][-]{subsection.3.5.3}{\376\377\0003\000.\0005\000.\0003\000\040\153\324\217\203\145\271\154\325}{section.3.5}% 41
\BOOKMARK [2][-]{subsection.3.5.4}{\376\377\0003\000.\0005\000.\0004\000\040\140\047\200\375\213\304\117\060}{section.3.5}% 42
\BOOKMARK [1][-]{section.3.6}{\376\377\0003\000.\0006\000\040\147\054\172\340\134\017\176\323}{chapter.3}% 43
\BOOKMARK [0][-]{chapter.4}{\376\377\173\054\126\333\172\340\000\040\000\040\127\372\116\216\155\361\136\246\137\072\123\026\133\146\116\140\166\204\131\032\215\357\123\343\146\172\200\375\116\244\220\032\117\341\123\367\214\003\136\246}{}% 44
\BOOKMARK [1][-]{section.4.1}{\376\377\0004\000.\0001\000\040\137\025\212\000}{chapter.4}% 45
\BOOKMARK [1][-]{section.4.2}{\376\377\0004\000.\0002\000\040\166\370\121\163\135\345\117\134}{chapter.4}% 46
\BOOKMARK [1][-]{section.4.3}{\376\377\0004\000.\0003\000\040\170\024\172\166\166\356\150\007}{chapter.4}% 47
\BOOKMARK [1][-]{section.4.4}{\376\377\0004\000.\0004\000\040\174\373\176\337\213\276\213\241}{chapter.4}% 48
\BOOKMARK [2][-]{subsection.4.4.1}{\376\377\0004\000.\0004\000.\0001\000\040\127\372\116\216\220\123\215\357\166\204\126\376\136\372\152\041\145\271\137\017}{section.4.4}% 49
\BOOKMARK [2][-]{subsection.4.4.2}{\376\377\0004\000.\0004\000.\0002\000\040\117\341\140\157\116\244\116\222\152\041\127\127\213\276\213\241}{section.4.4}% 50
\BOOKMARK [2][-]{subsection.4.4.3}{\376\377\0004\000.\0004\000.\0003\000\040\174\373\176\337\150\106\147\266}{section.4.4}% 51
\BOOKMARK [1][-]{section.4.5}{\376\377\0004\000.\0005\000\040\133\236\232\214}{chapter.4}% 52
\BOOKMARK [2][-]{subsection.4.5.1}{\376\377\0004\000.\0005\000.\0001\000\040\163\257\130\203\116\313\176\315}{section.4.5}% 53
\BOOKMARK [2][-]{subsection.4.5.2}{\376\377\0004\000.\0005\000.\0002\000\040\153\324\217\203\145\271\154\325}{section.4.5}% 54
\BOOKMARK [2][-]{subsection.4.5.3}{\376\377\0004\000.\0005\000.\0003\000\040\140\047\200\375\213\304\117\060}{section.4.5}% 55
\BOOKMARK [1][-]{section.4.6}{\376\377\0004\000.\0006\000\040\147\054\172\340\134\017\176\323}{chapter.4}% 56
\BOOKMARK [0][-]{chapter.5}{\376\377\173\054\116\224\172\340\000\040\000\040\140\073\176\323\116\016\134\125\147\033}{}% 57
\BOOKMARK [1][-]{section.5.1}{\376\377\0005\000.\0001\000\040\135\345\117\134\140\073\176\323}{chapter.5}% 58
\BOOKMARK [1][-]{section.5.2}{\376\377\0005\000.\0002\000\040\147\052\147\145\134\125\147\033}{chapter.5}% 59
\BOOKMARK [0][-]{section*.38}{\376\377\123\302\200\003\145\207\163\056}{}% 60
\BOOKMARK [0][-]{appendix*.40}{\376\377\201\364\214\042}{}% 61
\BOOKMARK [0][-]{appendix*.41}{\376\377\127\050\133\146\147\037\225\364\166\204\170\024\172\166\142\020\147\234\123\312\133\146\147\057\213\272\145\207\140\305\121\265}{}% 62
