This is XeTeX, Version 3.141592653-2.6-0.999993 (TeX Live 2021/W32TeX) (preloaded format=xelatex 2021.12.9)  9 DEC 2021 21:48
entering extended mode
 restricted \write18 enabled.
 %&-line parsing enabled.
**content\work.tex
(./content/work.tex
LaTeX2e <2020-10-01> patch level 4
L3 programming layer <2021-02-18>
! Undefined control sequence.
l.4 \chapter
            {工作}
? 

! LaTeX Error: Missing \begin{document}.

See the LaTeX manual or LaTeX Companion for explanation.
Type  H <return>  for immediate help.
 ...                                              
                                                  
l.4 \chapter{工
              作}
? 
Missing character: There is no 工 ("5DE5) in font nullfont!
Missing character: There is no 作 ("4F5C) in font nullfont!

Overfull \hbox (20.0pt too wide) in paragraph at lines 4--5
[] 
 []

! Undefined control sequence.
l.6 \section
            {公平性研究}
? 

! LaTeX Error: Missing \begin{document}.

See the LaTeX manual or LaTeX Companion for explanation.
Type  H <return>  for immediate help.
 ...                                              
                                                  
l.6 \section{公
              平性研究}
? 
Missing character: There is no 公 ("516C) in font nullfont!
Missing character: There is no 平 ("5E73) in font nullfont!
Missing character: There is no 性 ("6027) in font nullfont!
Missing character: There is no 研 ("7814) in font nullfont!
Missing character: There is no 究 ("7A76) in font nullfont!
Missing character: There is no 公 ("516C) in font nullfont!
Missing character: There is no 平 ("5E73) in font nullfont!
Missing character: There is no 性 ("6027) in font nullfont!
Missing character: There is no 问 ("95EE) in font nullfont!
Missing character: There is no 题 ("9898) in font nullfont!
Missing character: There is no 是 ("662F) in font nullfont!
Missing character: There is no 指 ("6307) in font nullfont!
Missing character: There is no ， ("FF0C) in font nullfont!
Missing character: There is no 不 ("4E0D) in font nullfont!
Missing character: There is no 同 ("540C) in font nullfont!
Missing character: There is no 车 ("8F66) in font nullfont!
Missing character: There is no 辆 ("8F86) in font nullfont!
Missing character: There is no 通 ("901A) in font nullfont!
Missing character: There is no 过 ("8FC7) in font nullfont!
Missing character: There is no 同 ("540C) in font nullfont!
Missing character: There is no 一 ("4E00) in font nullfont!
Missing character: There is no 个 ("4E2A) in font nullfont!
Missing character: There is no 路 ("8DEF) in font nullfont!
Missing character: There is no 口 ("53E3) in font nullfont!
Missing character: There is no 的 ("7684) in font nullfont!
Missing character: There is no 通 ("901A) in font nullfont!
Missing character: There is no 行 ("884C) in font nullfont!
Missing character: There is no 时 ("65F6) in font nullfont!
Missing character: There is no 间 ("95F4) in font nullfont!
Missing character: There is no 可 ("53EF) in font nullfont!
Missing character: There is no 能 ("80FD) in font nullfont!
Missing character: There is no 有 ("6709) in font nullfont!
Missing character: There is no 很 ("5F88) in font nullfont!
Missing character: There is no 大 ("5927) in font nullfont!
Missing character: There is no 的 ("7684) in font nullfont!
Missing character: There is no 差 ("5DEE) in font nullfont!
Missing character: There is no 别 ("522B) in font nullfont!
Missing character: There is no ， ("FF0C) in font nullfont!
Missing character: There is no 因 ("56E0) in font nullfont!
Missing character: There is no 为 ("4E3A) in font nullfont!
Missing character: There is no 信 ("4FE1) in font nullfont!
Missing character: There is no 号 ("53F7) in font nullfont!
Missing character: There is no 灯 ("706F) in font nullfont!
Missing character: There is no 可 ("53EF) in font nullfont!
Missing character: There is no 能 ("80FD) in font nullfont!
Missing character: There is no 为 ("4E3A) in font nullfont!
Missing character: There is no 了 ("4E86) in font nullfont!
Missing character: There is no 提 ("63D0) in font nullfont!
Missing character: There is no 高 ("9AD8) in font nullfont!
Missing character: There is no 整 ("6574) in font nullfont!
Missing character: There is no 体 ("4F53) in font nullfont!
Missing character: There is no 通 ("901A) in font nullfont!
Missing character: There is no 行 ("884C) in font nullfont!
Missing character: There is no 效 ("6548) in font nullfont!
Missing character: There is no 率 ("7387) in font nullfont!
Missing character: There is no 而 ("800C) in font nullfont!
Missing character: There is no 牺 ("727A) in font nullfont!
Missing character: There is no 牲 ("7272) in font nullfont!
Missing character: There is no 一 ("4E00) in font nullfont!
Missing character: There is no 些 ("4E9B) in font nullfont!
Missing character: There is no 车 ("8F66) in font nullfont!
Missing character: There is no 辆 ("8F86) in font nullfont!
Missing character: There is no ， ("FF0C) in font nullfont!
Missing character: There is no 让 ("8BA9) in font nullfont!
Missing character: There is no 这 ("8FD9) in font nullfont!
Missing character: There is no 些 ("4E9B) in font nullfont!
Missing character: There is no 车 ("8F66) in font nullfont!
Missing character: There is no 辆 ("8F86) in font nullfont!
Missing character: There is no 多 ("591A) in font nullfont!
Missing character: There is no 等 ("7B49) in font nullfont!
Missing character: There is no 待 ("5F85) in font nullfont!
Missing character: There is no 一 ("4E00) in font nullfont!
Missing character: There is no 些 ("4E9B) in font nullfont!
Missing character: There is no 时 ("65F6) in font nullfont!
Missing character: There is no 间 ("95F4) in font nullfont!
Missing character: There is no ， ("FF0C) in font nullfont!
Missing character: There is no 即 ("5373) in font nullfont!
Missing character: There is no 便 ("4FBF) in font nullfont!
Missing character: There is no 这 ("8FD9) in font nullfont!
Missing character: There is no 些 ("4E9B) in font nullfont!
Missing character: There is no 车 ("8F66) in font nullfont!
Missing character: There is no 辆 ("8F86) in font nullfont!
Missing character: There is no 可 ("53EF) in font nullfont!
Missing character: There is no 能 ("80FD) in font nullfont!
Missing character: There is no 是 ("662F) in font nullfont!
Missing character: There is no 先 ("5148) in font nullfont!
Missing character: There is no 进 ("8FDB) in font nullfont!
Missing character: There is no 入 ("5165) in font nullfont!
Missing character: There is no 路 ("8DEF) in font nullfont!
Missing character: There is no 口 ("53E3) in font nullfont!
Missing character: There is no 的 ("7684) in font nullfont!
Missing character: There is no ， ("FF0C) in font nullfont!
Missing character: There is no 这 ("8FD9) in font nullfont!
Missing character: There is no 对 ("5BF9) in font nullfont!
Missing character: There is no 这 ("8FD9) in font nullfont!
Missing character: There is no 些 ("4E9B) in font nullfont!
Missing character: There is no 车 ("8F66) in font nullfont!
Missing character: There is no 来 ("6765) in font nullfont!
Missing character: There is no 说 ("8BF4) in font nullfont!
Missing character: There is no 是 ("662F) in font nullfont!
Missing character: There is no 不 ("4E0D) in font nullfont!
Missing character: There is no 公 ("516C) in font nullfont!
Missing character: There is no 平 ("5E73) in font nullfont!
Missing character: There is no 的 ("7684) in font nullfont!
Missing character: There is no 。 ("3002) in font nullfont!
Missing character: There is no 一 ("4E00) in font nullfont!
Missing character: There is no 个 ("4E2A) in font nullfont!
Missing character: There is no 好 ("597D) in font nullfont!
Missing character: There is no 的 ("7684) in font nullfont!
Missing character: There is no 控 ("63A7) in font nullfont!
Missing character: There is no 制 ("5236) in font nullfont!
Missing character: There is no 策 ("7B56) in font nullfont!
Missing character: There is no 略 ("7565) in font nullfont!
Missing character: There is no 应 ("5E94) in font nullfont!
Missing character: There is no 该 ("8BE5) in font nullfont!
Missing character: There is no 在 ("5728) in font nullfont!
Missing character: There is no 提 ("63D0) in font nullfont!
Missing character: There is no 高 ("9AD8) in font nullfont!
Missing character: There is no 通 ("901A) in font nullfont!
Missing character: There is no 行 ("884C) in font nullfont!
Missing character: There is no 效 ("6548) in font nullfont!
Missing character: There is no 率 ("7387) in font nullfont!
Missing character: There is no 的 ("7684) in font nullfont!
Missing character: There is no 同 ("540C) in font nullfont!
Missing character: There is no 时 ("65F6) in font nullfont!
Missing character: There is no 能 ("80FD) in font nullfont!
Missing character: There is no 够 ("591F) in font nullfont!
Missing character: There is no 保 ("4FDD) in font nullfont!
Missing character: There is no 证 ("8BC1) in font nullfont!
Missing character: There is no 每 ("6BCF) in font nullfont!
Missing character: There is no 辆 ("8F86) in font nullfont!
Missing character: There is no 车 ("8F66) in font nullfont!
Missing character: There is no 所 ("6240) in font nullfont!
Missing character: There is no 需 ("9700) in font nullfont!
Missing character: There is no 的 ("7684) in font nullfont!
Missing character: There is no 通 ("901A) in font nullfont!
Missing character: There is no 行 ("884C) in font nullfont!
Missing character: There is no 时 ("65F6) in font nullfont!
Missing character: There is no 间 ("95F4) in font nullfont!
Missing character: There is no 大 ("5927) in font nullfont!
Missing character: There is no 致 ("81F4) in font nullfont!
Missing character: There is no 相 ("76F8) in font nullfont!
Missing character: There is no 同 ("540C) in font nullfont!
Missing character: There is no ， ("FF0C) in font nullfont!
Missing character: There is no 也 ("4E5F) in font nullfont!
Missing character: There is no 就 ("5C31) in font nullfont!
Missing character: There is no 是 ("662F) in font nullfont!
Missing character: There is no 说 ("8BF4) in font nullfont!
Missing character: There is no ， ("FF0C) in font nullfont!
Missing character: There is no 车 ("8F66) in font nullfont!
Missing character: There is no 辆 ("8F86) in font nullfont!
Missing character: There is no 通 ("901A) in font nullfont!
Missing character: There is no 行 ("884C) in font nullfont!
Missing character: There is no 时 ("65F6) in font nullfont!
Missing character: There is no 间 ("95F4) in font nullfont!
Missing character: There is no 的 ("7684) in font nullfont!
Missing character: There is no 方 ("65B9) in font nullfont!
Missing character: There is no 差 ("5DEE) in font nullfont!
Missing character: There is no 应 ("5E94) in font nullfont!
Missing character: There is no 该 ("8BE5) in font nullfont!
Missing character: There is no 越 ("8D8A) in font nullfont!
Missing character: There is no 小 ("5C0F) in font nullfont!
Missing character: There is no 越 ("8D8A) in font nullfont!
Missing character: There is no 好 ("597D) in font nullfont!
Missing character: There is no 。 ("3002) in font nullfont!
Missing character: There is no 但 ("4F46) in font nullfont!
Missing character: There is no 是 ("662F) in font nullfont!
Missing character: There is no 已 ("5DF2) in font nullfont!
Missing character: There is no 有 ("6709) in font nullfont!
Missing character: There is no 的 ("7684) in font nullfont!
Missing character: There is no 工 ("5DE5) in font nullfont!
Missing character: There is no 作 ("4F5C) in font nullfont!
Missing character: There is no 都 ("90FD) in font nullfont!
Missing character: There is no 是 ("662F) in font nullfont!
Missing character: There is no 使 ("4F7F) in font nullfont!
Missing character: There is no 用 ("7528) in font nullfont!
Missing character: There is no 车 ("8F66) in font nullfont!
Missing character: There is no 辆 ("8F86) in font nullfont!
Missing character: There is no 的 ("7684) in font nullfont!
Missing character: There is no 平 ("5E73) in font nullfont!
Missing character: There is no 均 ("5747) in font nullfont!
Missing character: There is no 通 ("901A) in font nullfont!
Missing character: There is no 行 ("884C) in font nullfont!
Missing character: There is no 时 ("65F6) in font nullfont!
Missing character: There is no 间 ("95F4) in font nullfont!
Missing character: There is no 来 ("6765) in font nullfont!
Missing character: There is no 衡 ("8861) in font nullfont!
Missing character: There is no 量 ("91CF) in font nullfont!
Missing character: There is no 通 ("901A) in font nullfont!
Missing character: There is no 行 ("884C) in font nullfont!
Missing character: There is no 效 ("6548) in font nullfont!
Missing character: There is no 率 ("7387) in font nullfont!
Missing character: There is no ， ("FF0C) in font nullfont!
Missing character: There is no 很 ("5F88) in font nullfont!
Missing character: There is no 自 ("81EA) in font nullfont!
Missing character: There is no 然 ("7136) in font nullfont!
Missing character: There is no 的 ("7684) in font nullfont!
Missing character: There is no 忽 ("5FFD) in font nullfont!
Missing character: There is no 略 ("7565) in font nullfont!
Missing character: There is no 了 ("4E86) in font nullfont!
Missing character: There is no 公 ("516C) in font nullfont!
Missing character: There is no 平 ("5E73) in font nullfont!
Missing character: There is no 性 ("6027) in font nullfont!
Missing character: There is no 问 ("95EE) in font nullfont!
Missing character: There is no 题 ("9898) in font nullfont!
Missing character: There is no 。 ("3002) in font nullfont!
! Undefined control sequence.
l.8 \subsection
               {目标}
? 
Missing character: There is no 目 ("76EE) in font nullfont!
Missing character: There is no 标 ("6807) in font nullfont!
Missing character: There is no 本 ("672C) in font nullfont!
Missing character: There is no 工 ("5DE5) in font nullfont!
Missing character: There is no 作 ("4F5C) in font nullfont!
Missing character: There is no 的 ("7684) in font nullfont!
Missing character: There is no 目 ("76EE) in font nullfont!
Missing character: There is no 的 ("7684) in font nullfont!
Missing character: There is no 是 ("662F) in font nullfont!
Missing character: There is no 在 ("5728) in font nullfont!
Missing character: There is no 提 ("63D0) in font nullfont!
Missing character: There is no 高 ("9AD8) in font nullfont!
Missing character: There is no 通 ("901A) in font nullfont!
Missing character: There is no 行 ("884C) in font nullfont!
Missing character: There is no 效 ("6548) in font nullfont!
Missing character: There is no 率 ("7387) in font nullfont!
Missing character: There is no （ ("FF08) in font nullfont!
Missing character: There is no 最 ("6700) in font nullfont!
Missing character: There is no 小 ("5C0F) in font nullfont!
Missing character: There is no 化 ("5316) in font nullfont!
Missing character: There is no 平 ("5E73) in font nullfont!
Missing character: There is no 均 ("5747) in font nullfont!
Missing character: There is no 通 ("901A) in font nullfont!
Missing character: There is no 行 ("884C) in font nullfont!
Missing character: There is no 时 ("65F6) in font nullfont!
Missing character: There is no 间 ("95F4) in font nullfont!
Missing character: There is no ） ("FF09) in font nullfont!
Missing character: There is no 的 ("7684) in font nullfont!
Missing character: There is no 同 ("540C) in font nullfont!
Missing character: There is no 时 ("65F6) in font nullfont!
Missing character: There is no ， ("FF0C) in font nullfont!
Missing character: There is no 希 ("5E0C) in font nullfont!
Missing character: There is no 望 ("671B) in font nullfont!
Missing character: There is no 每 ("6BCF) in font nullfont!
Missing character: There is no 条 ("6761) in font nullfont!
Missing character: There is no 车 ("8F66) in font nullfont!
Missing character: There is no 道 ("9053) in font nullfont!
Missing character: There is no 能 ("80FD) in font nullfont!
Missing character: There is no 够 ("591F) in font nullfont!
Missing character: There is no 有 ("6709) in font nullfont!
Missing character: There is no 尽 ("5C3D) in font nullfont!
Missing character: There is no 可 ("53EF) in font nullfont!
Missing character: There is no 能 ("80FD) in font nullfont!
Missing character: There is no 相 ("76F8) in font nullfont!
Missing character: There is no 同 ("540C) in font nullfont!
Missing character: There is no 的 ("7684) in font nullfont!
Missing character: There is no 服 ("670D) in font nullfont!
Missing character: There is no 务 ("52A1) in font nullfont!
Missing character: There is no 延 ("5EF6) in font nullfont!
Missing character: There is no 迟 ("8FDF) in font nullfont!
Missing character: There is no （ ("FF08) in font nullfont!
Missing character: There is no 得 ("5F97) in font nullfont!
Missing character: There is no 到 ("5230) in font nullfont!
Missing character: There is no 放 ("653E) in font nullfont!
Missing character: There is no 行 ("884C) in font nullfont!
Missing character: There is no 所 ("6240) in font nullfont!
Missing character: There is no 需 ("9700) in font nullfont!
Missing character: There is no 的 ("7684) in font nullfont!
Missing character: There is no 时 ("65F6) in font nullfont!
Missing character: There is no 间 ("95F4) in font nullfont!
Missing character: There is no ） ("FF09) in font nullfont!
Missing character: There is no 。 ("3002) in font nullfont!
Missing character: There is no 这 ("8FD9) in font nullfont!
Missing character: There is no 个 ("4E2A) in font nullfont!
Missing character: There is no 目 ("76EE) in font nullfont!
Missing character: There is no 标 ("6807) in font nullfont!
Missing character: There is no 可 ("53EF) in font nullfont!
Missing character: There is no 以 ("4EE5) in font nullfont!
Missing character: There is no 用 ("7528) in font nullfont!
Missing character: There is no 以 ("4EE5) in font nullfont!
Missing character: There is no 下 ("4E0B) in font nullfont!
Missing character: There is no 的 ("7684) in font nullfont!
Missing character: There is no J ("4A) in font nullfont!
Missing character: There is no a ("61) in font nullfont!
Missing character: There is no i ("69) in font nullfont!
Missing character: There is no n ("6E) in font nullfont!
Missing character: There is no F ("46) in font nullfont!
Missing character: There is no a ("61) in font nullfont!
Missing character: There is no i ("69) in font nullfont!
Missing character: There is no r ("72) in font nullfont!
Missing character: There is no n ("6E) in font nullfont!
Missing character: There is no e ("65) in font nullfont!
Missing character: There is no s ("73) in font nullfont!
Missing character: There is no s ("73) in font nullfont!
Missing character: There is no I ("49) in font nullfont!
Missing character: There is no n ("6E) in font nullfont!
Missing character: There is no d ("64) in font nullfont!
Missing character: There is no e ("65) in font nullfont!
Missing character: There is no x ("78) in font nullfont!
Missing character: There is no ( ("28) in font nullfont!
Missing character: There is no J ("4A) in font nullfont!
Missing character: There is no F ("46) in font nullfont!
Missing character: There is no I ("49) in font nullfont!
Missing character: There is no ) ("29) in font nullfont!
Missing character: There is no 指 ("6307) in font nullfont!
Missing character: There is no 标 ("6807) in font nullfont!
Missing character: There is no 来 ("6765) in font nullfont!
Missing character: There is no 量 ("91CF) in font nullfont!
Missing character: There is no 化 ("5316) in font nullfont!
Missing character: There is no ： ("FF1A) in font nullfont!

! LaTeX Error: Environment align undefined.

See the LaTeX manual or LaTeX Companion for explanation.
Type  H <return>  for immediate help.
 ...                                              
                                                  
l.10 \begin{align}
                  
? 

! LaTeX Error: \mathcal allowed only in math mode.

See the LaTeX manual or LaTeX Companion for explanation.
Type  H <return>  for immediate help.
 ...                                              
                                                  
l.11     \mathcal
                 {J} = \frac{(\sum_{i=1}^{M}\overline{D}_i)^2}{M\sum_{i=1}^{...

? 鵘ls
Type <return> to proceed, S to scroll future error messages,
R to run without stopping, Q to run quietly,
I to insert something, E to edit your file,
1 or ... or 9 to ignore the next 1 to 9 tokens of input,
H for help, X to quit.
? 
! Interruption.
\GenericError  ...                                
                                                  \endgroup 
l.11     \mathcal
                 {J} = \frac{(\sum_{i=1}^{M}\overline{D}_i)^2}{M\sum_{i=1}^{...

? 
Missing character: There is no J ("4A) in font nullfont!
Missing character: There is no = ("3D) in font nullfont!
Missing character: There is no ( ("28) in font nullfont!
! Missing $ inserted.
<inserted text> 
                $
l.11 ...{D}_i)^2}{M\sum_{i=1}^{M}\overline{D}_i^2}
                                                  ,
? ^^C^^Cx
Type <return> to proceed, S to scroll future error messages,
R to run without stopping, Q to run quietly,
I to insert something, E to edit your file,
1 or ... or 9 to ignore the next 1 to 9 tokens of input,
H for help, X to quit.
? 
LaTeX Font Info:    External font `cmex10' loaded for size
(Font)              <7> on input line 11.
LaTeX Font Info:    External font `cmex10' loaded for size
(Font)              <5> on input line 11.
! Missing $ inserted.
<inserted text> 
                $
l.11 ...{D}_i)^2}{M\sum_{i=1}^{M}\overline{D}_i^2}
                                                  ,
? 
! Missing $ inserted.
<inserted text> 
                $
l.11 ...{D}_i)^2}{M\sum_{i=1}^{M}\overline{D}_i^2}
                                                  ,
? ^^C^^C^^C^^Zx
Type <return> to proceed, S to scroll future error messages,
R to run without stopping, Q to run quietly,
I to insert something, E to edit your file,
1 or ... or 9 to ignore the next 1 to 9 tokens of input,
H for help, X to quit.
? 
! Extra }, or forgotten $.
\frac  #1#2->{\begingroup #1\endgroup \over #2}
                                               
l.11 ...{D}_i)^2}{M\sum_{i=1}^{M}\overline{D}_i^2}
                                                  ,
? 

! LaTeX Error: \begin{document} ended by \end{align}.

See the LaTeX manual or LaTeX Companion for explanation.
Type  H <return>  for immediate help.
 ...                                              
                                                  
l.12 \end{align}
                
? 
! Missing $ inserted.
<inserted text> 
                $
l.12 \end{align}
                
? 
! Missing } inserted.
<inserted text> 
                }
l.12 \end{align}
                
? 
Missing character: There is no 其 ("5176) in font nullfont!
Missing character: There is no 中 ("4E2D) in font nullfont!
Missing character: There is no 是 ("662F) in font nullfont!
Missing character: There is no 第 ("7B2C) in font nullfont!
Missing character: There is no 条 ("6761) in font nullfont!
Missing character: There is no 进 ("8FDB) in font nullfont!
Missing character: There is no 近 ("8FD1) in font nullfont!
Missing character: There is no 车 ("8F66) in font nullfont!
Missing character: There is no 道 ("9053) in font nullfont!
Missing character: There is no 的 ("7684) in font nullfont!
Missing character: There is no 平 ("5E73) in font nullfont!
Missing character: There is no 均 ("5747) in font nullfont!
Missing character: There is no 延 ("5EF6) in font nullfont!
Missing character: There is no 迟 ("8FDF) in font nullfont!
Missing character: There is no 。 ("3002) in font nullfont!
Missing character: There is no 当 ("5F53) in font nullfont!
Missing character: There is no 且 ("4E14) in font nullfont!
Missing character: There is no 仅 ("4EC5) in font nullfont!
Missing character: There is no 当 ("5F53) in font nullfont!
Missing character: There is no 每 ("6BCF) in font nullfont!
Missing character: There is no 一 ("4E00) in font nullfont!
Missing character: There is no 个 ("4E2A) in font nullfont!
Missing character: There is no 都 ("90FD) in font nullfont!
Missing character: There is no 相 ("76F8) in font nullfont!
Missing character: There is no 等 ("7B49) in font nullfont!
Missing character: There is no 时 ("65F6) in font nullfont!
Missing character: There is no ， ("FF0C) in font nullfont!
Missing character: There is no 这 ("8FD9) in font nullfont!
Missing character: There is no 个 ("4E2A) in font nullfont!
Missing character: There is no 指 ("6307) in font nullfont!
Missing character: There is no 标 ("6807) in font nullfont!
Missing character: There is no 达 ("8FBE) in font nullfont!
Missing character: There is no 到 ("5230) in font nullfont!
Missing character: There is no 最 ("6700) in font nullfont!
Missing character: There is no 大 ("5927) in font nullfont!
Missing character: There is no 值 ("503C) in font nullfont!
Missing character: There is no ， ("FF0C) in font nullfont!
Missing character: There is no 即 ("5373) in font nullfont!
Missing character: There is no 是 ("662F) in font nullfont!
Missing character: There is no 。 ("3002) in font nullfont!
Missing character: There is no 所 ("6240) in font nullfont!
Missing character: There is no 以 ("4EE5) in font nullfont!
Missing character: There is no 我 ("6211) in font nullfont!
Missing character: There is no 们 ("4EEC) in font nullfont!
Missing character: There is no 的 ("7684) in font nullfont!
Missing character: There is no 目 ("76EE) in font nullfont!
Missing character: There is no 标 ("6807) in font nullfont!
Missing character: There is no 也 ("4E5F) in font nullfont!
Missing character: There is no 就 ("5C31) in font nullfont!
Missing character: There is no 是 ("662F) in font nullfont!
Missing character: There is no 最 ("6700) in font nullfont!
Missing character: There is no 大 ("5927) in font nullfont!
Missing character: There is no 化 ("5316) in font nullfont!
Missing character: There is no 这 ("8FD9) in font nullfont!
Missing character: There is no 个 ("4E2A) in font nullfont!
Missing character: There is no 指 ("6307) in font nullfont!
Missing character: There is no 标 ("6807) in font nullfont!
Missing character: There is no 。 ("3002) in font nullfont!

Overfull \hbox (20.0pt too wide) in paragraph at lines 6--14
[]
 []


Overfull \hbox (94.74252pt too wide) in paragraph at lines 6--14
[][] [][]\OT1/cmr/m/n/10 )[]$$[]$
 []


Overfull \hbox (32.2176pt too wide) in paragraph at lines 6--14
[][]$$\OML/cmm/m/it/10 i$$[][]$$\OT1/cmr/m/n/10 1$ 
 []

! Undefined control sequence.
l.15 \subsection
                {智能体设计}
? xx
 
Here is how much of TeX's memory you used:
 21 strings out of 476919
 360 string characters out of 5823632
 292906 words of memory out of 5000000
 20122 multiletter control sequences out of 15000+600000
 403430 words of font info for 27 fonts, out of 8000000 for 9000
 1348 hyphenation exceptions out of 8191
 20i,2n,15p,220b,62s stack positions out of 5000i,500n,10000p,200000b,80000s
No pages of output.
